build/outputs/mapping/release/seeds.txt
com.randommain.fastpaste.MainActivity
com.randommain.fastpaste.MainActivity: MainActivity()
com.randommain.fastpaste.R$anim: int abc_fade_in
com.randommain.fastpaste.R$anim: int abc_fade_out
com.randommain.fastpaste.R$anim: int abc_grow_fade_in_from_bottom
com.randommain.fastpaste.R$anim: int abc_popup_enter
com.randommain.fastpaste.R$anim: int abc_popup_exit
com.randommain.fastpaste.R$anim: int abc_shrink_fade_out_from_bottom
com.randommain.fastpaste.R$anim: int abc_slide_in_bottom
com.randommain.fastpaste.R$anim: int abc_slide_in_top
com.randommain.fastpaste.R$anim: int abc_slide_out_bottom
com.randommain.fastpaste.R$anim: int abc_slide_out_top
com.randommain.fastpaste.R$anim: int abc_tooltip_enter
com.randommain.fastpaste.R$anim: int abc_tooltip_exit
com.randommain.fastpaste.R$attr: int actionBarDivider
com.randommain.fastpaste.R$attr: int actionBarItemBackground
com.randommain.fastpaste.R$attr: int actionBarPopupTheme
com.randommain.fastpaste.R$attr: int actionBarSize
com.randommain.fastpaste.R$attr: int actionBarSplitStyle
com.randommain.fastpaste.R$attr: int actionBarStyle
com.randommain.fastpaste.R$attr: int actionBarTabBarStyle
com.randommain.fastpaste.R$attr: int actionBarTabStyle
com.randommain.fastpaste.R$attr: int actionBarTabTextStyle
com.randommain.fastpaste.R$attr: int actionBarTheme
com.randommain.fastpaste.R$attr: int actionBarWidgetTheme
com.randommain.fastpaste.R$attr: int actionButtonStyle
com.randommain.fastpaste.R$attr: int actionDropDownStyle
com.randommain.fastpaste.R$attr: int actionLayout
com.randommain.fastpaste.R$attr: int actionMenuTextAppearance
com.randommain.fastpaste.R$attr: int actionMenuTextColor
com.randommain.fastpaste.R$attr: int actionModeBackground
com.randommain.fastpaste.R$attr: int actionModeCloseButtonStyle
com.randommain.fastpaste.R$attr: int actionModeCloseDrawable
com.randommain.fastpaste.R$attr: int actionModeCopyDrawable
com.randommain.fastpaste.R$attr: int actionModeCutDrawable
com.randommain.fastpaste.R$attr: int actionModeFindDrawable
com.randommain.fastpaste.R$attr: int actionModePasteDrawable
com.randommain.fastpaste.R$attr: int actionModePopupWindowStyle
com.randommain.fastpaste.R$attr: int actionModeSelectAllDrawable
com.randommain.fastpaste.R$bool: int abc_action_bar_embed_tabs
com.randommain.fastpaste.R$bool: int abc_allow_stacked_button_bar
com.randommain.fastpaste.R$bool: int abc_config_actionMenuItemAllCaps
com.randommain.fastpaste.R$color: int abc_background_cache_hint_selector_material_dark
com.randommain.fastpaste.R$color: int abc_background_cache_hint_selector_material_light
com.randommain.fastpaste.R$color: int abc_btn_colored_borderless_text_material
com.randommain.fastpaste.R$color: int abc_btn_colored_text_material
com.randommain.fastpaste.R$color: int abc_color_highlight_material
com.randommain.fastpaste.R$color: int abc_hint_foreground_material_dark
com.randommain.fastpaste.R$color: int abc_hint_foreground_material_light
com.randommain.fastpaste.R$color: int abc_input_method_navigation_guard
com.randommain.fastpaste.R$color: int abc_primary_text_disable_only_material_dark
com.randommain.fastpaste.R$color: int abc_primary_text_disable_only_material_light
com.randommain.fastpaste.R$color: int abc_primary_text_material_dark
com.randommain.fastpaste.R$color: int abc_primary_text_material_light
com.randommain.fastpaste.R$color: int abc_search_url_text
com.randommain.fastpaste.R$color: int abc_search_url_text_normal
com.randommain.fastpaste.R$color: int abc_search_url_text_pressed
com.randommain.fastpaste.R$color: int abc_search_url_text_selected
com.randommain.fastpaste.R$color: int abc_secondary_text_material_dark
com.randommain.fastpaste.R$color: int abc_secondary_text_material_light
com.randommain.fastpaste.R$color: int abc_tint_btn_checkable
com.randommain.fastpaste.R$color: int abc_tint_default
com.randommain.fastpaste.R$color: int abc_tint_edittext
...
android.support.v7.app.AppCompatViewInflater
android.support.v7.appcompat.R$anim: int abc_fade_in
android.support.v7.appcompat.R$anim: int abc_fade_out
android.support.v7.appcompat.R$anim: int abc_grow_fade_in_from_bottom
android.support.v7.appcompat.R$anim: int abc_popup_enter
android.support.v7.appcompat.R$anim: int abc_popup_exit
android.support.v7.appcompat.R$anim: int abc_shrink_fade_out_from_bottom
android.support.v7.appcompat.R$anim: int abc_slide_in_bottom
android.support.v7.appcompat.R$anim: int abc_slide_in_top
android.support.v7.appcompat.R$anim: int abc_slide_out_bottom
android.support.v7.appcompat.R$anim: int abc_slide_out_top
android.support.v7.appcompat.R$anim: int abc_tooltip_enter
android.support.v7.appcompat.R$anim: int abc_tooltip_exit
android.support.v7.appcompat.R$attr: int actionBarDivider
android.support.v7.appcompat.R$attr: int actionBarItemBackground
android.support.v7.appcompat.R$attr: int actionBarPopupTheme
android.support.v7.appcompat.R$attr: int actionBarSize
android.support.v7.appcompat.R$attr: int actionBarSplitStyle
android.support.v7.appcompat.R$attr: int actionBarStyle
android.support.v7.appcompat.R$attr: int actionBarTabBarStyle
android.support.v7.appcompat.R$attr: int actionBarTabStyle
android.support.v7.appcompat.R$attr: int actionBarTabTextStyle
android.support.v7.appcompat.R$attr: int actionBarTheme
android.support.v7.appcompat.R$attr: int actionBarWidgetTheme
android.support.v7.appcompat.R$attr: int actionButtonStyle
android.support.v7.appcompat.R$attr: int actionDropDownStyle
android.support.v7.appcompat.R$attr: int actionLayout
android.support.v7.appcompat.R$attr: int actionMenuTextAppearance
android.support.v7.appcompat.R$attr: int actionMenuTextColor
android.support.v7.appcompat.R$attr: int actionModeBackground
android.support.v7.appcompat.R$attr: int actionModeCloseButtonStyle
android.support.v7.appcompat.R$attr: int actionModeCloseDrawable
android.support.v7.appcompat.R$attr: int actionModeCopyDrawable
android.support.v7.appcompat.R$attr: int actionModeCutDrawable
android.support.v7.appcompat.R$attr: int actionModeFindDrawable
android.support.v7.appcompat.R$attr: int actionModePasteDrawable
android.support.v7.appcompat.R$attr: int actionModePopupWindowStyle
android.support.v7.appcompat.R$bool: int abc_action_bar_embed_tabs
android.support.v7.appcompat.R$bool: int abc_allow_stacked_button_bar
android.support.v7.appcompat.R$bool: int abc_config_actionMenuItemAllCaps
android.support.v7.appcompat.R$color: int abc_background_cache_hint_selector_material_dark
android.support.v7.appcompat.R$color: int abc_background_cache_hint_selector_material_light
android.support.v7.appcompat.R$color: int abc_btn_colored_borderless_text_material
android.support.v7.appcompat.R$color: int abc_btn_colored_text_material
android.support.v7.appcompat.R$color: int abc_color_highlight_material
android.support.v7.appcompat.R$color: int abc_hint_foreground_material_dark
android.support.v7.appcompat.R$color: int abc_hint_foreground_material_light
android.support.v7.appcompat.R$color: int abc_input_method_navigation_guard
android.support.v7.appcompat.R$color: int abc_primary_text_disable_only_material_dark
android.support.v7.appcompat.R$color: int abc_primary_text_disable_only_material_light
android.support.v7.appcompat.R$color: int abc_primary_text_material_dark
android.support.v7.appcompat.R$color: int abc_primary_text_material_light
android.support.v7.appcompat.R$color: int abc_search_url_text
android.support.v7.appcompat.R$color: int abc_search_url_text_normal
android.support.v7.appcompat.R$color: int abc_search_url_text_pressed
android.support.v7.appcompat.R$color: int abc_search_url_text_selected
android.support.v7.appcompat.R$color: int abc_secondary_text_material_dark
android.support.v7.appcompat.R$color: int abc_secondary_text_material_light
android.support.v7.appcompat.R$color: int abc_tint_btn_checkable