build/outputs/mapping/release/mapping.txt
com.randommain.fastpaste.ClipboardHandlerKt -> com.randommain.fastpaste.a:
    void copyPlainText(android.content.ClipboardManager) -> a
    void pastePlainText(android.content.ClipboardManager) -> b
    void copyContentUri(android.content.ClipboardManager,android.content.ContentResolver) -> a
    void pasteContentUri(android.content.ClipboardManager,android.content.ContentResolver) -> b
com.randommain.fastpaste.LoggerOutputStream -> com.randommain.fastpaste.b:
    java.lang.StringBuilder line_buffer -> a
    void write(int) -> write
    void setSystemIO() -> a
    void <init>() -> <init>
com.randommain.fastpaste.MainActivity -> com.randommain.fastpaste.MainActivity:
    kotlin.reflect.KProperty[] $$delegatedProperties -> j
    kotlin.Lazy clipboard$delegate -> k
    kotlin.Lazy cr$delegate -> l
    kotlin.Lazy numpad$delegate -> m
    void <clinit>() -> <clinit>
    android.content.ClipboardManager getClipboard() -> k
    android.content.ContentResolver getCr() -> l
    android.inputmethodservice.KeyboardView getNumpad() -> m
    void onCreate(android.os.Bundle) -> onCreate
    void onStart() -> onStart
    void onRestart() -> onRestart
    void onResume() -> onResume
    void onPause() -> onPause
    void onStop() -> onStop
    void onDestroy() -> onDestroy
    void <init>() -> <init>
    android.content.ClipboardManager access$getClipboard$p(com.randommain.fastpaste.MainActivity) -> a
    android.inputmethodservice.KeyboardView access$getNumpad$p(com.randommain.fastpaste.MainActivity) -> b
    android.content.ContentResolver access$getCr$p(com.randommain.fastpaste.MainActivity) -> c
com.randommain.fastpaste.MainActivity$clipboard$2 -> com.randommain.fastpaste.MainActivity$a:
    com.randommain.fastpaste.MainActivity this$0 -> a
    java.lang.Object invoke() -> a
    android.content.ClipboardManager invoke() -> b
    void <init>(com.randommain.fastpaste.MainActivity) -> <init>
com.randommain.fastpaste.MainActivity$cr$2 -> com.randommain.fastpaste.MainActivity$b:
    com.randommain.fastpaste.MainActivity this$0 -> a
    java.lang.Object invoke() -> a
    android.content.ContentResolver invoke() -> b
    void <init>(com.randommain.fastpaste.MainActivity) -> <init>
com.randommain.fastpaste.MainActivity$numpad$2 -> com.randommain.fastpaste.MainActivity$c:
    com.randommain.fastpaste.MainActivity this$0 -> a
    java.lang.Object invoke() -> a
    android.inputmethodservice.KeyboardView invoke() -> b
    void <init>(com.randommain.fastpaste.MainActivity) -> <init>
com.randommain.fastpaste.MainActivity$numpad$2$$special$$inlined$also$lambda$1 -> com.randommain.fastpaste.MainActivity$c$a:
    com.randommain.fastpaste.MainActivity$numpad$2 this$0 -> a
    void <init>(com.randommain.fastpaste.MainActivity$numpad$2) -> <init>
    void onKey(int,int[]) -> onKey
    void onPress(int) -> onPress
    void onRelease(int) -> onRelease
    void onText(java.lang.CharSequence) -> onText
    void swipeDown() -> swipeDown
    void swipeLeft() -> swipeLeft
    void swipeRight() -> swipeRight
    void swipeUp() -> swipeUp
com.randommain.fastpaste.MainActivity$onCreate$$inlined$with$lambda$1 -> com.randommain.fastpaste.MainActivity$d:
    android.widget.Button $this_with -> a
    com.randommain.fastpaste.MainActivity this$0 -> b
    void <init>(android.widget.Button,com.randommain.fastpaste.MainActivity) -> <init>
    void onClick(android.view.View) -> onClick
com.randommain.fastpaste.MainActivity$onCreate$$inlined$with$lambda$2 -> com.randommain.fastpaste.MainActivity$e:
    android.widget.Button $this_with -> a
    com.randommain.fastpaste.MainActivity this$0 -> b
    void <init>(android.widget.Button,com.randommain.fastpaste.MainActivity) -> <init>
    void onClick(android.view.View) -> onClick
...
android.support.v4.widget.CompoundButtonCompat -> android.support.v4.widget.c:
    java.lang.reflect.Field sButtonDrawableField -> a
    boolean sButtonDrawableFieldFetched -> b
    void setButtonTintList(android.widget.CompoundButton,android.content.res.ColorStateList) -> a
    void setButtonTintMode(android.widget.CompoundButton,android.graphics.PorterDuff$Mode) -> a
    android.graphics.drawable.Drawable getButtonDrawable(android.widget.CompoundButton) -> a
android.support.v4.widget.CursorAdapter -> android.support.v4.widget.d:
    boolean mDataValid -> a
    boolean mAutoRequery -> b
    android.database.Cursor mCursor -> c
    android.content.Context mContext -> d
    int mRowIDColumn -> e
    android.support.v4.widget.CursorAdapter$ChangeObserver mChangeObserver -> f
    android.database.DataSetObserver mDataSetObserver -> g
    android.support.v4.widget.CursorFilter mCursorFilter -> h
    android.widget.FilterQueryProvider mFilterQueryProvider -> i
    void <init>(android.content.Context,android.database.Cursor,boolean) -> <init>
    void init(android.content.Context,android.database.Cursor,int) -> a
    android.database.Cursor getCursor() -> a
    int getCount() -> getCount
    java.lang.Object getItem(int) -> getItem
    long getItemId(int) -> getItemId
    boolean hasStableIds() -> hasStableIds
    android.view.View getView(int,android.view.View,android.view.ViewGroup) -> getView
    android.view.View getDropDownView(int,android.view.View,android.view.ViewGroup) -> getDropDownView
    android.view.View newView(android.content.Context,android.database.Cursor,android.view.ViewGroup) -> a
    android.view.View newDropDownView(android.content.Context,android.database.Cursor,android.view.ViewGroup) -> b
    void bindView(android.view.View,android.content.Context,android.database.Cursor) -> a
    void changeCursor(android.database.Cursor) -> a
    android.database.Cursor swapCursor(android.database.Cursor) -> b
android.support.v4.widget.CursorAdapter$ChangeObserver -> android.support.v4.widget.d$a:
    android.support.v4.widget.CursorAdapter this$0 -> a
    void <init>(android.support.v4.widget.CursorAdapter) -> <init>
    boolean deliverSelfNotifications() -> deliverSelfNotifications
    void onChange(boolean) -> onChange
android.support.v4.widget.CursorAdapter$MyDataSetObserver -> android.support.v4.widget.d$b:
    android.support.v4.widget.CursorAdapter this$0 -> a
    void <init>(android.support.v4.widget.CursorAdapter) -> <init>
    void onChanged() -> onChanged
    void onInvalidated() -> onInvalidated
android.support.v4.widget.CursorFilter -> android.support.v4.widget.e:
    android.support.v4.widget.CursorFilter$CursorFilterClient mClient -> a
    void <init>(android.support.v4.widget.CursorFilter$CursorFilterClient) -> <init>
    java.lang.CharSequence convertResultToString(java.lang.Object) -> convertResultToString
    android.widget.Filter$FilterResults performFiltering(java.lang.CharSequence) -> performFiltering
    void publishResults(java.lang.CharSequence,android.widget.Filter$FilterResults) -> publishResults
android.support.v4.widget.CursorFilter$CursorFilterClient -> android.support.v4.widget.e$a:
    java.lang.CharSequence convertToString(android.database.Cursor) -> c
    android.database.Cursor runQueryOnBackgroundThread(java.lang.CharSequence) -> a
    android.database.Cursor getCursor() -> a
    void changeCursor(android.database.Cursor) -> a
android.support.v4.widget.EdgeEffectCompat -> android.support.v4.widget.f:
    void onPull(android.widget.EdgeEffect,float,float) -> a
android.support.v4.widget.ImageViewCompat -> android.support.v4.widget.g:
    android.content.res.ColorStateList getImageTintList(android.widget.ImageView) -> a
    void setImageTintList(android.widget.ImageView,android.content.res.ColorStateList) -> a
    android.graphics.PorterDuff$Mode getImageTintMode(android.widget.ImageView) -> b
    void setImageTintMode(android.widget.ImageView,android.graphics.PorterDuff$Mode) -> a