build/outputs/mapping/release/usage.txt
com.randommain.fastpaste.BuildConfig
com.randommain.fastpaste.MainActivityKt
com.randommain.fastpaste.R
com.randommain.fastpaste.R$anim
com.randommain.fastpaste.R$attr
com.randommain.fastpaste.R$bool
com.randommain.fastpaste.R$color
com.randommain.fastpaste.R$dimen
com.randommain.fastpaste.R$drawable
com.randommain.fastpaste.R$id
com.randommain.fastpaste.R$integer
com.randommain.fastpaste.R$layout
com.randommain.fastpaste.R$string
com.randommain.fastpaste.R$style
com.randommain.fastpaste.R$styleable
com.randommain.fastpaste.R$xml
...
kotlin.coroutines.CoroutineContext$Element$DefaultImpls
kotlin.coroutines.CoroutineContext$Key
kotlin.coroutines.CoroutineContext$plus$1
kotlin.coroutines.EmptyCoroutineContext
kotlin.coroutines.RestrictsSuspension
kotlin.coroutines.SafeContinuation
kotlin.coroutines.SafeContinuation$Companion
kotlin.coroutines.experimental.AbstractCoroutineContextElement
kotlin.coroutines.experimental.CombinedContext
kotlin.coroutines.experimental.CombinedContext$toString$1
kotlin.coroutines.experimental.Continuation
kotlin.coroutines.experimental.ContinuationInterceptor
kotlin.coroutines.experimental.ContinuationInterceptor$DefaultImpls
kotlin.coroutines.experimental.ContinuationInterceptor$Key
kotlin.coroutines.experimental.CoroutineContext
kotlin.coroutines.experimental.CoroutineContext$DefaultImpls
kotlin.coroutines.experimental.CoroutineContext$Element
kotlin.coroutines.experimental.CoroutineContext$Element$DefaultImpls
kotlin.coroutines.experimental.CoroutineContext$Key
kotlin.coroutines.experimental.CoroutineContext$plus$1
kotlin.coroutines.experimental.CoroutinesKt
kotlin.coroutines.experimental.EmptyCoroutineContext
kotlin.coroutines.experimental.RestrictsSuspension
kotlin.coroutines.experimental.SafeContinuation
kotlin.coroutines.experimental.SafeContinuation$Companion
kotlin.coroutines.experimental.SafeContinuation$Fail
kotlin.coroutines.experimental.SequenceBuilder
kotlin.coroutines.experimental.SequenceBuilderIterator
kotlin.coroutines.experimental.SequenceBuilderKt
kotlin.coroutines.experimental.SequenceBuilderKt__SequenceBuilderKt
kotlin.coroutines.experimental.SequenceBuilderKt__SequenceBuilderKt$buildSequence$$inlined$Sequence$1
kotlin.coroutines.experimental.intrinsics.IntrinsicsKt
kotlin.coroutines.experimental.intrinsics.IntrinsicsKt__IntrinsicsJvmKt
kotlin.coroutines.experimental.intrinsics.IntrinsicsKt__IntrinsicsJvmKt$buildContinuationByInvokeCall$continuation$1
kotlin.coroutines.experimental.intrinsics.IntrinsicsKt__IntrinsicsJvmKt$createCoroutineUnchecked$$inlined$buildContinuationByInvokeCall$IntrinsicsKt__IntrinsicsJvmKt$1
kotlin.coroutines.experimental.intrinsics.IntrinsicsKt__IntrinsicsJvmKt$createCoroutineUnchecked$$inlined$buildContinuationByInvokeCall$IntrinsicsKt__IntrinsicsJvmKt$2
kotlin.coroutines.experimental.intrinsics.IntrinsicsKt__IntrinsicsKt
kotlin.coroutines.experimental.jvm.internal.CoroutineImpl
kotlin.coroutines.experimental.jvm.internal.CoroutineIntrinsics
kotlin.coroutines.experimental.migration.ContextMigration
kotlin.coroutines.experimental.migration.ContextMigration$Key
kotlin.coroutines.experimental.migration.ContinuationInterceptorMigration
kotlin.coroutines.experimental.migration.ContinuationMigration
kotlin.coroutines.experimental.migration.CoroutinesMigrationKt
kotlin.coroutines.experimental.migration.ExperimentalContextMigration
kotlin.coroutines.experimental.migration.ExperimentalContextMigration$Key
kotlin.coroutines.experimental.migration.ExperimentalContinuationInterceptorMigration
kotlin.coroutines.experimental.migration.ExperimentalContinuationMigration
kotlin.coroutines.experimental.migration.ExperimentalSuspendFunction0Migration
kotlin.coroutines.experimental.migration.ExperimentalSuspendFunction1Migration
kotlin.coroutines.experimental.migration.ExperimentalSuspendFunction2Migration
kotlin.coroutines.intrinsics.CoroutineSingletons
kotlin.coroutines.intrinsics.IntrinsicsKt
kotlin.coroutines.intrinsics.IntrinsicsKt__IntrinsicsJvmKt
kotlin.coroutines.intrinsics.IntrinsicsKt__IntrinsicsJvmKt$createCoroutineFromSuspendFunction$1
kotlin.coroutines.intrinsics.IntrinsicsKt__IntrinsicsJvmKt$createCoroutineFromSuspendFunction$2
kotlin.coroutines.intrinsics.IntrinsicsKt__IntrinsicsJvmKt$createCoroutineUnintercepted$$inlined$createCoroutineFromSuspendFunction$IntrinsicsKt__IntrinsicsJvmKt$1
kotlin.coroutines.intrinsics.IntrinsicsKt__IntrinsicsJvmKt$createCoroutineUnintercepted$$inlined$createCoroutineFromSuspendFunction$IntrinsicsKt__IntrinsicsJvmKt$2